{"/Users/jkalis/Pro/QL/Galileo/linter-validator/linter/src/linter.js":{"path":"/Users/jkalis/Pro/QL/Galileo/linter-validator/linter/src/linter.js","s":{"1":1,"2":1,"3":23,"4":23,"5":1,"6":14,"7":14,"8":14,"9":14,"10":23,"11":1,"12":10,"13":10,"14":10,"15":10,"16":13,"17":1,"18":10,"19":10,"20":10,"21":10,"22":1,"23":13,"24":13,"25":13,"26":13,"27":1,"28":7,"29":7,"30":7,"31":7,"32":1,"33":2,"34":2,"35":8,"36":1,"37":8,"38":8,"39":2,"40":1,"41":1},"b":{"1":[14,0],"2":[14,0],"3":[23,9],"4":[10,1],"5":[13,1],"6":[10,2],"7":[10,6],"8":[7,1],"9":[7,1],"10":[1,0]},"f":{"1":23,"2":14,"3":10,"4":13,"5":10,"6":13,"7":7,"8":2,"9":8,"10":8},"fnMap":{"1":{"name":"flattenExamplesAndSchemas","line":36,"loc":{"start":{"line":36,"column":0},"end":{"line":36,"column":44}}},"2":{"name":"flattener","line":40,"loc":{"start":{"line":40,"column":2},"end":{"line":40,"column":32}}},"3":{"name":"lintMethod","line":64,"loc":{"start":{"line":64,"column":0},"end":{"line":64,"column":49}}},"4":{"name":"eachMethod","line":74,"loc":{"start":{"line":74,"column":13},"end":{"line":74,"column":39}}},"5":{"name":"lintResource","line":87,"loc":{"start":{"line":87,"column":0},"end":{"line":87,"column":51}}},"6":{"name":"lintResponse","line":111,"loc":{"start":{"line":111,"column":0},"end":{"line":111,"column":57}}},"7":{"name":"lintRoot","line":128,"loc":{"start":{"line":128,"column":0},"end":{"line":128,"column":34}}},"8":{"name":"Linter","line":152,"loc":{"start":{"line":152,"column":0},"end":{"line":152,"column":25}}},"9":{"name":"lint","line":173,"loc":{"start":{"line":173,"column":14},"end":{"line":173,"column":44}}},"10":{"name":"resolve","line":177,"loc":{"start":{"line":177,"column":4},"end":{"line":177,"column":23}}}},"statementMap":{"1":{"start":{"line":3,"column":0},"end":{"line":8,"column":36}},"2":{"start":{"line":36,"column":0},"end":{"line":54,"column":1}},"3":{"start":{"line":37,"column":2},"end":{"line":37,"column":24}},"4":{"start":{"line":38,"column":2},"end":{"line":38,"column":23}},"5":{"start":{"line":40,"column":2},"end":{"line":50,"column":3}},"6":{"start":{"line":42,"column":4},"end":{"line":44,"column":5}},"7":{"start":{"line":43,"column":6},"end":{"line":43,"column":39}},"8":{"start":{"line":47,"column":4},"end":{"line":49,"column":5}},"9":{"start":{"line":48,"column":6},"end":{"line":48,"column":38}},"10":{"start":{"line":52,"column":2},"end":{"line":53,"column":24}},"11":{"start":{"line":64,"column":0},"end":{"line":77,"column":1}},"12":{"start":{"line":65,"column":2},"end":{"line":65,"column":73}},"13":{"start":{"line":67,"column":2},"end":{"line":67,"column":37}},"14":{"start":{"line":70,"column":2},"end":{"line":70,"column":31}},"15":{"start":{"line":73,"column":2},"end":{"line":76,"column":7}},"16":{"start":{"line":75,"column":6},"end":{"line":75,"column":84}},"17":{"start":{"line":87,"column":0},"end":{"line":100,"column":1}},"18":{"start":{"line":88,"column":2},"end":{"line":88,"column":58}},"19":{"start":{"line":91,"column":2},"end":{"line":91,"column":33}},"20":{"start":{"line":94,"column":2},"end":{"line":95,"column":64}},"21":{"start":{"line":98,"column":2},"end":{"line":99,"column":66}},"22":{"start":{"line":111,"column":0},"end":{"line":119,"column":1}},"23":{"start":{"line":112,"column":2},"end":{"line":112,"column":22}},"24":{"start":{"line":113,"column":2},"end":{"line":113,"column":49}},"25":{"start":{"line":115,"column":2},"end":{"line":115,"column":37}},"26":{"start":{"line":118,"column":2},"end":{"line":118,"column":33}},"27":{"start":{"line":128,"column":0},"end":{"line":137,"column":1}},"28":{"start":{"line":130,"column":2},"end":{"line":130,"column":56}},"29":{"start":{"line":131,"column":2},"end":{"line":131,"column":28}},"30":{"start":{"line":133,"column":2},"end":{"line":133,"column":29}},"31":{"start":{"line":135,"column":2},"end":{"line":136,"column":66}},"32":{"start":{"line":152,"column":0},"end":{"line":204,"column":1}},"33":{"start":{"line":153,"column":2},"end":{"line":154,"column":38}},"34":{"start":{"line":173,"column":2},"end":{"line":185,"column":4}},"35":{"start":{"line":174,"column":4},"end":{"line":174,"column":16}},"36":{"start":{"line":177,"column":4},"end":{"line":179,"column":5}},"37":{"start":{"line":178,"column":6},"end":{"line":178,"column":34}},"38":{"start":{"line":181,"column":4},"end":{"line":184,"column":24}},"39":{"start":{"line":203,"column":2},"end":{"line":203,"column":26}},"40":{"start":{"line":207,"column":0},"end":{"line":209,"column":1}},"41":{"start":{"line":208,"column":2},"end":{"line":208,"column":26}}},"branchMap":{"1":{"line":42,"type":"if","locations":[{"start":{"line":42,"column":4},"end":{"line":42,"column":4}},{"start":{"line":42,"column":4},"end":{"line":42,"column":4},"skip":true}]},"2":{"line":47,"type":"if","locations":[{"start":{"line":47,"column":4},"end":{"line":47,"column":4}},{"start":{"line":47,"column":4},"end":{"line":47,"column":4},"skip":true}]},"3":{"line":52,"type":"binary-expr","locations":[{"start":{"line":52,"column":14},"end":{"line":52,"column":26}},{"start":{"line":52,"column":30},"end":{"line":52,"column":32}}]},"4":{"line":73,"type":"binary-expr","locations":[{"start":{"line":73,"column":14},"end":{"line":73,"column":31}},{"start":{"line":73,"column":35},"end":{"line":73,"column":37}}]},"5":{"line":75,"type":"binary-expr","locations":[{"start":{"line":75,"column":53},"end":{"line":75,"column":76}},{"start":{"line":75,"column":80},"end":{"line":75,"column":82}}]},"6":{"line":94,"type":"binary-expr","locations":[{"start":{"line":94,"column":3},"end":{"line":94,"column":18}},{"start":{"line":94,"column":22},"end":{"line":94,"column":24}}]},"7":{"line":98,"type":"binary-expr","locations":[{"start":{"line":98,"column":3},"end":{"line":98,"column":20}},{"start":{"line":98,"column":24},"end":{"line":98,"column":26}}]},"8":{"line":130,"type":"binary-expr","locations":[{"start":{"line":130,"column":24},"end":{"line":130,"column":39}},{"start":{"line":130,"column":43},"end":{"line":130,"column":55}}]},"9":{"line":135,"type":"binary-expr","locations":[{"start":{"line":135,"column":3},"end":{"line":135,"column":20}},{"start":{"line":135,"column":24},"end":{"line":135,"column":26}}]},"10":{"line":207,"type":"if","locations":[{"start":{"line":207,"column":0},"end":{"line":207,"column":0}},{"start":{"line":207,"column":0},"end":{"line":207,"column":0},"skip":true}]}}},"/Users/jkalis/Pro/QL/Galileo/linter-validator/linter/src/log.js":{"path":"/Users/jkalis/Pro/QL/Galileo/linter-validator/linter/src/log.js","s":{"1":1,"2":1,"3":74,"4":1,"5":51,"6":1,"7":297,"8":1,"9":17,"10":1,"11":75,"12":74,"13":1,"14":17,"15":17,"16":1,"17":17,"18":26,"19":17,"20":26,"21":17,"22":1,"23":18,"24":1,"25":1,"26":1},"b":{"1":[297,297],"2":[74,1],"3":[8,18],"4":[1,0]},"f":{"1":74,"2":51,"3":297,"4":17,"5":75,"6":1,"7":26,"8":26,"9":18},"fnMap":{"1":{"name":"filterEntries","line":6,"loc":{"start":{"line":6,"column":0},"end":{"line":6,"column":37}}},"2":{"name":"instanceLevelMethods","line":12,"loc":{"start":{"line":12,"column":0},"end":{"line":12,"column":46}}},"3":{"name":"isDef","line":23,"loc":{"start":{"line":23,"column":0},"end":{"line":23,"column":20}}},"4":{"name":"Log","line":37,"loc":{"start":{"line":37,"column":0},"end":{"line":37,"column":15}}},"5":{"name":"addEntry","line":68,"loc":{"start":{"line":68,"column":2},"end":{"line":68,"column":59}}},"6":{"name":"logRaw","line":124,"loc":{"start":{"line":124,"column":13},"end":{"line":124,"column":34}}},"7":{"name":"emptyStack","line":132,"loc":{"start":{"line":132,"column":15},"end":{"line":132,"column":37}}},"8":{"name":"readLog","line":142,"loc":{"start":{"line":142,"column":14},"end":{"line":142,"column":38}}},"9":{"name":"getLevels","line":162,"loc":{"start":{"line":162,"column":16},"end":{"line":162,"column":37}}}},"statementMap":{"1":{"start":{"line":3,"column":0},"end":{"line":3,"column":36}},"2":{"start":{"line":6,"column":0},"end":{"line":9,"column":1}},"3":{"start":{"line":8,"column":2},"end":{"line":8,"column":43}},"4":{"start":{"line":12,"column":0},"end":{"line":14,"column":1}},"5":{"start":{"line":13,"column":2},"end":{"line":13,"column":41}},"6":{"start":{"line":23,"column":0},"end":{"line":26,"column":1}},"7":{"start":{"line":25,"column":2},"end":{"line":25,"column":43}},"8":{"start":{"line":37,"column":0},"end":{"line":149,"column":1}},"9":{"start":{"line":38,"column":2},"end":{"line":38,"column":12}},"10":{"start":{"line":68,"column":2},"end":{"line":82,"column":3}},"11":{"start":{"line":69,"column":4},"end":{"line":81,"column":5}},"12":{"start":{"line":70,"column":6},"end":{"line":78,"column":11}},"13":{"start":{"line":80,"column":6},"end":{"line":80,"column":80}},"14":{"start":{"line":114,"column":2},"end":{"line":115,"column":56}},"15":{"start":{"line":124,"column":2},"end":{"line":126,"column":4}},"16":{"start":{"line":125,"column":4},"end":{"line":125,"column":20}},"17":{"start":{"line":132,"column":2},"end":{"line":134,"column":4}},"18":{"start":{"line":133,"column":4},"end":{"line":133,"column":15}},"19":{"start":{"line":142,"column":2},"end":{"line":146,"column":4}},"20":{"start":{"line":144,"column":4},"end":{"line":145,"column":48}},"21":{"start":{"line":148,"column":2},"end":{"line":148,"column":15}},"22":{"start":{"line":162,"column":0},"end":{"line":165,"column":2}},"23":{"start":{"line":164,"column":2},"end":{"line":164,"column":38}},"24":{"start":{"line":172,"column":0},"end":{"line":172,"column":40}},"25":{"start":{"line":175,"column":0},"end":{"line":177,"column":1}},"26":{"start":{"line":176,"column":2},"end":{"line":176,"column":23}}},"branchMap":{"1":{"line":25,"type":"binary-expr","locations":[{"start":{"line":25,"column":9},"end":{"line":25,"column":21}},{"start":{"line":25,"column":25},"end":{"line":25,"column":42}}]},"2":{"line":69,"type":"if","locations":[{"start":{"line":69,"column":4},"end":{"line":69,"column":4}},{"start":{"line":69,"column":4},"end":{"line":69,"column":4}}]},"3":{"line":144,"type":"cond-expr","locations":[{"start":{"line":144,"column":20},"end":{"line":144,"column":25}},{"start":{"line":144,"column":29},"end":{"line":145,"column":46}}]},"4":{"line":175,"type":"if","locations":[{"start":{"line":175,"column":0},"end":{"line":175,"column":0}},{"start":{"line":175,"column":0},"end":{"line":175,"column":0},"skip":true}]}}},"/Users/jkalis/Pro/QL/Galileo/linter-validator/linter/src/typeOf.js":{"path":"/Users/jkalis/Pro/QL/Galileo/linter-validator/linter/src/typeOf.js","s":{"1":1,"2":1,"3":246,"4":1,"5":248,"6":248,"7":1,"8":1},"b":{"1":[2,246],"2":[125,123],"3":[1,0]},"f":{"1":246,"2":248},"fnMap":{"1":{"name":"strip","line":13,"loc":{"start":{"line":13,"column":0},"end":{"line":13,"column":20}}},"2":{"name":"typeOf","line":28,"loc":{"start":{"line":28,"column":0},"end":{"line":28,"column":27}}}},"statementMap":{"1":{"start":{"line":3,"column":0},"end":{"line":4,"column":67}},"2":{"start":{"line":13,"column":0},"end":{"line":16,"column":1}},"3":{"start":{"line":15,"column":2},"end":{"line":15,"column":43}},"4":{"start":{"line":28,"column":0},"end":{"line":32,"column":1}},"5":{"start":{"line":29,"column":2},"end":{"line":29,"column":62}},"6":{"start":{"line":31,"column":2},"end":{"line":31,"column":59}},"7":{"start":{"line":35,"column":0},"end":{"line":37,"column":1}},"8":{"start":{"line":36,"column":2},"end":{"line":36,"column":26}}},"branchMap":{"1":{"line":29,"type":"cond-expr","locations":[{"start":{"line":29,"column":34},"end":{"line":29,"column":42}},{"start":{"line":29,"column":45},"end":{"line":29,"column":61}}]},"2":{"line":31,"type":"cond-expr","locations":[{"start":{"line":31,"column":34},"end":{"line":31,"column":40}},{"start":{"line":31,"column":43},"end":{"line":31,"column":58}}]},"3":{"line":35,"type":"if","locations":[{"start":{"line":35,"column":0},"end":{"line":35,"column":0}},{"start":{"line":35,"column":0},"end":{"line":35,"column":0},"skip":true}]}}},"/Users/jkalis/Pro/QL/Galileo/linter-validator/linter/src/rules.js":{"path":"/Users/jkalis/Pro/QL/Galileo/linter-validator/linter/src/rules.js","s":{"1":1,"2":1,"3":1,"4":32,"5":52,"6":46,"7":10,"8":1,"9":13,"10":13,"11":13,"12":1,"13":50,"14":50,"15":2,"16":2,"17":48,"18":50,"19":1,"20":50,"21":1,"22":108,"23":108,"24":1,"25":102,"26":102,"27":20,"28":20,"29":6,"30":20,"31":82,"32":102,"33":1,"34":5,"35":20,"36":20,"37":5,"38":1,"39":40,"40":1,"41":103,"42":1,"43":102,"44":12,"45":40,"46":1,"47":1},"b":{"1":[32,20],"2":[13,11],"3":[2,48],"4":[50,20],"5":[1,49],"6":[108,108],"7":[20,82],"8":[6,14],"9":[20,20],"10":[1,102],"11":[12,90],"12":[1,0]},"f":{"1":52,"2":32,"3":46,"4":10,"5":13,"6":50,"7":108,"8":102,"9":20,"10":5,"11":20,"12":40,"13":103},"fnMap":{"1":{"name":"execArray","line":55,"loc":{"start":{"line":55,"column":11},"end":{"line":55,"column":43}}},"2":{"name":"every","line":56,"loc":{"start":{"line":56,"column":4},"end":{"line":56,"column":29}}},"3":{"name":"execBoolean","line":63,"loc":{"start":{"line":63,"column":13},"end":{"line":63,"column":47}}},"4":{"name":"execRegExp","line":67,"loc":{"start":{"line":67,"column":12},"end":{"line":67,"column":45}}},"5":{"name":"format","line":81,"loc":{"start":{"line":81,"column":0},"end":{"line":81,"column":31}}},"6":{"name":"mapRules","line":99,"loc":{"start":{"line":99,"column":0},"end":{"line":99,"column":33}}},"7":{"name":"passes","line":124,"loc":{"start":{"line":124,"column":0},"end":{"line":124,"column":29}}},"8":{"name":"passing","line":138,"loc":{"start":{"line":138,"column":0},"end":{"line":138,"column":32}}},"9":{"name":"prereqReduce","line":143,"loc":{"start":{"line":143,"column":14},"end":{"line":143,"column":46}}},"10":{"name":"Rules","line":165,"loc":{"start":{"line":165,"column":0},"end":{"line":165,"column":32}}},"11":{"name":"sections","line":167,"loc":{"start":{"line":167,"column":12},"end":{"line":167,"column":45}}},"12":{"name":"runRules","line":183,"loc":{"start":{"line":183,"column":22},"end":{"line":183,"column":58}}},"13":{"name":"eachRule","line":187,"loc":{"start":{"line":187,"column":2},"end":{"line":187,"column":26}}}},"statementMap":{"1":{"start":{"line":3,"column":0},"end":{"line":6,"column":14}},"2":{"start":{"line":54,"column":0},"end":{"line":71,"column":2}},"3":{"start":{"line":56,"column":4},"end":{"line":59,"column":5}},"4":{"start":{"line":58,"column":6},"end":{"line":58,"column":42}},"5":{"start":{"line":61,"column":4},"end":{"line":61,"column":81}},"6":{"start":{"line":65,"column":4},"end":{"line":65,"column":19}},"7":{"start":{"line":69,"column":4},"end":{"line":69,"column":28}},"8":{"start":{"line":81,"column":0},"end":{"line":89,"column":1}},"9":{"start":{"line":82,"column":2},"end":{"line":82,"column":13}},"10":{"start":{"line":84,"column":2},"end":{"line":86,"column":38}},"11":{"start":{"line":88,"column":2},"end":{"line":88,"column":16}},"12":{"start":{"line":99,"column":0},"end":{"line":114,"column":1}},"13":{"start":{"line":100,"column":2},"end":{"line":100,"column":13}},"14":{"start":{"line":102,"column":2},"end":{"line":107,"column":3}},"15":{"start":{"line":103,"column":4},"end":{"line":103,"column":46}},"16":{"start":{"line":104,"column":4},"end":{"line":104,"column":35}},"17":{"start":{"line":106,"column":4},"end":{"line":106,"column":18}},"18":{"start":{"line":109,"column":2},"end":{"line":111,"column":3}},"19":{"start":{"line":110,"column":4},"end":{"line":110,"column":42}},"20":{"start":{"line":113,"column":2},"end":{"line":113,"column":16}},"21":{"start":{"line":124,"column":0},"end":{"line":128,"column":1}},"22":{"start":{"line":125,"column":2},"end":{"line":125,"column":26}},"23":{"start":{"line":127,"column":2},"end":{"line":127,"column":59}},"24":{"start":{"line":138,"column":0},"end":{"line":155,"column":1}},"25":{"start":{"line":139,"column":2},"end":{"line":139,"column":13}},"26":{"start":{"line":141,"column":2},"end":{"line":152,"column":3}},"27":{"start":{"line":142,"column":4},"end":{"line":149,"column":15}},"28":{"start":{"line":144,"column":8},"end":{"line":146,"column":9}},"29":{"start":{"line":145,"column":10},"end":{"line":145,"column":54}},"30":{"start":{"line":148,"column":8},"end":{"line":148,"column":19}},"31":{"start":{"line":151,"column":4},"end":{"line":151,"column":51}},"32":{"start":{"line":154,"column":2},"end":{"line":154,"column":16}},"33":{"start":{"line":165,"column":0},"end":{"line":175,"column":1}},"34":{"start":{"line":166,"column":2},"end":{"line":172,"column":11}},"35":{"start":{"line":168,"column":6},"end":{"line":169,"column":43}},"36":{"start":{"line":171,"column":6},"end":{"line":171,"column":18}},"37":{"start":{"line":174,"column":2},"end":{"line":174,"column":23}},"38":{"start":{"line":183,"column":0},"end":{"line":199,"column":2}},"39":{"start":{"line":185,"column":2},"end":{"line":185,"column":27}},"40":{"start":{"line":187,"column":2},"end":{"line":195,"column":3}},"41":{"start":{"line":188,"column":4},"end":{"line":194,"column":5}},"42":{"start":{"line":189,"column":6},"end":{"line":189,"column":99}},"43":{"start":{"line":191,"column":6},"end":{"line":193,"column":7}},"44":{"start":{"line":192,"column":8},"end":{"line":192,"column":80}},"45":{"start":{"line":197,"column":2},"end":{"line":198,"column":23}},"46":{"start":{"line":202,"column":0},"end":{"line":204,"column":1}},"47":{"start":{"line":203,"column":2},"end":{"line":203,"column":25}}},"branchMap":{"1":{"line":61,"type":"cond-expr","locations":[{"start":{"line":61,"column":36},"end":{"line":61,"column":53}},{"start":{"line":61,"column":56},"end":{"line":61,"column":80}}]},"2":{"line":84,"type":"binary-expr","locations":[{"start":{"line":84,"column":12},"end":{"line":84,"column":21}},{"start":{"line":84,"column":25},"end":{"line":84,"column":78}}]},"3":{"line":102,"type":"if","locations":[{"start":{"line":102,"column":2},"end":{"line":102,"column":2}},{"start":{"line":102,"column":2},"end":{"line":102,"column":2}}]},"4":{"line":102,"type":"binary-expr","locations":[{"start":{"line":102,"column":6},"end":{"line":102,"column":13}},{"start":{"line":102,"column":17},"end":{"line":102,"column":35}}]},"5":{"line":109,"type":"if","locations":[{"start":{"line":109,"column":2},"end":{"line":109,"column":2}},{"start":{"line":109,"column":2},"end":{"line":109,"column":2}}]},"6":{"line":127,"type":"binary-expr","locations":[{"start":{"line":127,"column":9},"end":{"line":127,"column":26}},{"start":{"line":127,"column":30},"end":{"line":127,"column":58}}]},"7":{"line":141,"type":"if","locations":[{"start":{"line":141,"column":2},"end":{"line":141,"column":2}},{"start":{"line":141,"column":2},"end":{"line":141,"column":2}}]},"8":{"line":144,"type":"if","locations":[{"start":{"line":144,"column":8},"end":{"line":144,"column":8}},{"start":{"line":144,"column":8},"end":{"line":144,"column":8}}]},"9":{"line":144,"type":"binary-expr","locations":[{"start":{"line":144,"column":12},"end":{"line":144,"column":15}},{"start":{"line":144,"column":19},"end":{"line":144,"column":57}}]},"10":{"line":188,"type":"if","locations":[{"start":{"line":188,"column":4},"end":{"line":188,"column":4}},{"start":{"line":188,"column":4},"end":{"line":188,"column":4}}]},"11":{"line":191,"type":"if","locations":[{"start":{"line":191,"column":6},"end":{"line":191,"column":6}},{"start":{"line":191,"column":6},"end":{"line":191,"column":6}}]},"12":{"line":202,"type":"if","locations":[{"start":{"line":202,"column":0},"end":{"line":202,"column":0}},{"start":{"line":202,"column":0},"end":{"line":202,"column":0},"skip":true}]}}}}