TN:
SF:/Users/jkalis/Pro/QL/Galileo/linter-validator/linter/src/linter.js
FN:36,flattenExamplesAndSchemas
FN:40,flattener
FN:64,lintMethod
FN:74,eachMethod
FN:87,lintResource
FN:111,lintResponse
FN:128,lintRoot
FN:152,Linter
FN:173,lint
FN:177,resolve
FNF:10
FNH:10
FNDA:23,flattenExamplesAndSchemas
FNDA:14,flattener
FNDA:10,lintMethod
FNDA:13,eachMethod
FNDA:10,lintResource
FNDA:13,lintResponse
FNDA:7,lintRoot
FNDA:2,Linter
FNDA:8,lint
FNDA:8,resolve
DA:3,1
DA:36,1
DA:37,23
DA:38,23
DA:40,1
DA:42,14
DA:43,14
DA:47,14
DA:48,14
DA:52,23
DA:64,1
DA:65,10
DA:67,10
DA:70,10
DA:73,10
DA:75,13
DA:87,1
DA:88,10
DA:91,10
DA:94,10
DA:98,10
DA:111,1
DA:112,13
DA:113,13
DA:115,13
DA:118,13
DA:128,1
DA:130,7
DA:131,7
DA:133,7
DA:135,7
DA:152,1
DA:153,2
DA:173,2
DA:174,8
DA:177,1
DA:178,8
DA:181,8
DA:203,2
DA:207,1
DA:208,1
LF:41
LH:41
BRDA:42,1,0,14
BRDA:42,1,1,0
BRDA:47,2,0,14
BRDA:47,2,1,0
BRDA:52,3,0,23
BRDA:52,3,1,9
BRDA:73,4,0,10
BRDA:73,4,1,1
BRDA:75,5,0,13
BRDA:75,5,1,1
BRDA:94,6,0,10
BRDA:94,6,1,2
BRDA:98,7,0,10
BRDA:98,7,1,6
BRDA:130,8,0,7
BRDA:130,8,1,1
BRDA:135,9,0,7
BRDA:135,9,1,1
BRDA:207,10,0,1
BRDA:207,10,1,0
BRF:20
BRH:20
end_of_record
TN:
SF:/Users/jkalis/Pro/QL/Galileo/linter-validator/linter/src/log.js
FN:6,filterEntries
FN:12,instanceLevelMethods
FN:23,isDef
FN:37,Log
FN:68,addEntry
FN:124,logRaw
FN:132,emptyStack
FN:142,readLog
FN:162,getLevels
FNF:9
FNH:9
FNDA:74,filterEntries
FNDA:51,instanceLevelMethods
FNDA:297,isDef
FNDA:17,Log
FNDA:75,addEntry
FNDA:1,logRaw
FNDA:26,emptyStack
FNDA:26,readLog
FNDA:18,getLevels
DA:3,1
DA:6,1
DA:8,74
DA:12,1
DA:13,51
DA:23,1
DA:25,297
DA:37,1
DA:38,17
DA:68,1
DA:69,75
DA:70,74
DA:80,1
DA:114,17
DA:124,17
DA:125,1
DA:132,17
DA:133,26
DA:142,17
DA:144,26
DA:148,17
DA:162,1
DA:164,18
DA:172,1
DA:175,1
DA:176,1
LF:26
LH:26
BRDA:25,1,0,297
BRDA:25,1,1,297
BRDA:69,2,0,74
BRDA:69,2,1,1
BRDA:144,3,0,8
BRDA:144,3,1,18
BRDA:175,4,0,1
BRDA:175,4,1,0
BRF:8
BRH:8
end_of_record
TN:
SF:/Users/jkalis/Pro/QL/Galileo/linter-validator/linter/src/typeOf.js
FN:13,strip
FN:28,typeOf
FNF:2
FNH:2
FNDA:246,strip
FNDA:248,typeOf
DA:3,1
DA:13,1
DA:15,246
DA:28,1
DA:29,248
DA:31,248
DA:35,1
DA:36,1
LF:8
LH:8
BRDA:29,1,0,2
BRDA:29,1,1,246
BRDA:31,2,0,125
BRDA:31,2,1,123
BRDA:35,3,0,1
BRDA:35,3,1,0
BRF:6
BRH:6
end_of_record
TN:
SF:/Users/jkalis/Pro/QL/Galileo/linter-validator/linter/src/rules.js
FN:55,execArray
FN:56,every
FN:63,execBoolean
FN:67,execRegExp
FN:81,format
FN:99,mapRules
FN:124,passes
FN:138,passing
FN:143,prereqReduce
FN:165,Rules
FN:167,sections
FN:183,runRules
FN:187,eachRule
FNF:13
FNH:13
FNDA:52,execArray
FNDA:32,every
FNDA:46,execBoolean
FNDA:10,execRegExp
FNDA:13,format
FNDA:50,mapRules
FNDA:108,passes
FNDA:102,passing
FNDA:20,prereqReduce
FNDA:5,Rules
FNDA:20,sections
FNDA:40,runRules
FNDA:103,eachRule
DA:3,1
DA:54,1
DA:56,1
DA:58,32
DA:61,52
DA:65,46
DA:69,10
DA:81,1
DA:82,13
DA:84,13
DA:88,13
DA:99,1
DA:100,50
DA:102,50
DA:103,2
DA:104,2
DA:106,48
DA:109,50
DA:110,1
DA:113,50
DA:124,1
DA:125,108
DA:127,108
DA:138,1
DA:139,102
DA:141,102
DA:142,20
DA:144,20
DA:145,6
DA:148,20
DA:151,82
DA:154,102
DA:165,1
DA:166,5
DA:168,20
DA:171,20
DA:174,5
DA:183,1
DA:185,40
DA:187,1
DA:188,103
DA:189,1
DA:191,102
DA:192,12
DA:197,40
DA:202,1
DA:203,1
LF:47
LH:47
BRDA:61,1,0,32
BRDA:61,1,1,20
BRDA:84,2,0,13
BRDA:84,2,1,11
BRDA:102,3,0,2
BRDA:102,3,1,48
BRDA:102,4,0,50
BRDA:102,4,1,20
BRDA:109,5,0,1
BRDA:109,5,1,49
BRDA:127,6,0,108
BRDA:127,6,1,108
BRDA:141,7,0,20
BRDA:141,7,1,82
BRDA:144,8,0,6
BRDA:144,8,1,14
BRDA:144,9,0,20
BRDA:144,9,1,20
BRDA:188,10,0,1
BRDA:188,10,1,102
BRDA:191,11,0,12
BRDA:191,11,1,90
BRDA:202,12,0,1
BRDA:202,12,1,0
BRF:24
BRH:24
end_of_record
